
cpa/S1/demo.64_4.s1.p00.g18.cor [40] ; min = -0.712168 (1672) ; max = +0.831326 (33410) ; ext = +0.831326 (33410)
cpa/S1/demo.64_4.s1.p00.g57.cor [40] ; min = -0.605514 (33731) ; max = +0.687037 (40497) ; ext = +0.687037 (40497)
cpa/S1/demo.64_4.s1.p00.g04.cor [40] ; min = -0.623524 (32093) ; max = +0.685132 (8826) ; ext = +0.685132 (8826)
cpa/S1/demo.64_4.s1.p00.g62.cor [40] ; min = -0.594013 (49457) ; max = +0.680473 (22854) ; ext = +0.680473 (22854)
cpa/S1/demo.64_4.s1.p00.g49.cor [40] ; min = -0.605597 (42616) ; max = +0.677046 (32442) ; ext = +0.677046 (32442)
cpa/S1/demo.64_4.s1.p00.g42.cor [40] ; min = -0.621335 (28304) ; max = +0.675877 (33931) ; ext = +0.675877 (33931)
cpa/S1/demo.64_4.s1.p00.g41.cor [40] ; min = -0.527461 (46004) ; max = +0.653739 (22328) ; ext = +0.653739 (22328)
cpa/S1/demo.64_4.s1.p00.g26.cor [40] ; min = -0.650946 (42284) ; max = +0.638984 (36677) ; ext = -0.650946 (42284)
cpa/S1/demo.64_4.s1.p00.g46.cor [40] ; min = -0.567508 (21435) ; max = +0.632461 (39936) ; ext = +0.632461 (39936)
cpa/S1/demo.64_4.s1.p00.g58.cor [40] ; min = -0.612313 (21856) ; max = +0.622015 (6782) ; ext = +0.622015 (6782)

cpa/S2/demo.64_4.s2.p00.g33.cor [40] ; min = -0.662099 (180) ; max = +0.846517 (14694) ; ext = +0.846517 (14694)
cpa/S2/demo.64_4.s2.p00.g00.cor [40] ; min = -0.588369 (35490) ; max = +0.678357 (30562) ; ext = +0.678357 (30562)
cpa/S2/demo.64_4.s2.p00.g41.cor [40] ; min = -0.635813 (26669) ; max = +0.669553 (37517) ; ext = +0.669553 (37517)
cpa/S2/demo.64_4.s2.p00.g63.cor [40] ; min = -0.595514 (1179) ; max = +0.660038 (10066) ; ext = +0.660038 (10066)
cpa/S2/demo.64_4.s2.p00.g27.cor [40] ; min = -0.593842 (37660) ; max = +0.641660 (2227) ; ext = +0.641660 (2227)
cpa/S2/demo.64_4.s2.p00.g23.cor [40] ; min = -0.622985 (33105) ; max = +0.635060 (6027) ; ext = +0.635060 (6027)
cpa/S2/demo.64_4.s2.p00.g05.cor [40] ; min = -0.526904 (16088) ; max = +0.629190 (30208) ; ext = +0.629190 (30208)
cpa/S2/demo.64_4.s2.p00.g31.cor [40] ; min = -0.581737 (31572) ; max = +0.627750 (35339) ; ext = +0.627750 (35339)
cpa/S2/demo.64_4.s2.p00.g17.cor [40] ; min = -0.555899 (7477) ; max = +0.622124 (49375) ; ext = +0.622124 (49375)
cpa/S2/demo.64_4.s2.p00.g20.cor [40] ; min = -0.569780 (16236) ; max = +0.619509 (7655) ; ext = +0.619509 (7655)

cpa/S3/demo.64_4.s3.p00.g20.cor [40] ; min = -0.543475 (41250) ; max = +0.794332 (7235) ; ext = +0.794332 (7235)
cpa/S3/demo.64_4.s3.p00.g23.cor [40] ; min = -0.712111 (48286) ; max = +0.679935 (8150) ; ext = -0.712111 (48286)
cpa/S3/demo.64_4.s3.p00.g47.cor [40] ; min = -0.593732 (25036) ; max = +0.674825 (6266) ; ext = +0.674825 (6266)
cpa/S3/demo.64_4.s3.p00.g58.cor [40] ; min = -0.570660 (33247) ; max = +0.672827 (14665) ; ext = +0.672827 (14665)
cpa/S3/demo.64_4.s3.p00.g59.cor [40] ; min = -0.572852 (7241) ; max = +0.646622 (26596) ; ext = +0.646622 (26596)
cpa/S3/demo.64_4.s3.p00.g40.cor [40] ; min = -0.551787 (49341) ; max = +0.636465 (40836) ; ext = +0.636465 (40836)
cpa/S3/demo.64_4.s3.p00.g07.cor [40] ; min = -0.632178 (8150) ; max = +0.626456 (17788) ; ext = -0.632178 (8150)
cpa/S3/demo.64_4.s3.p00.g37.cor [40] ; min = -0.598958 (45392) ; max = +0.625550 (32306) ; ext = +0.625550 (32306)
cpa/S3/demo.64_4.s3.p00.g39.cor [40] ; min = -0.584604 (18592) ; max = +0.624277 (5371) ; ext = +0.624277 (5371)
cpa/S3/demo.64_4.s3.p00.g48.cor [40] ; min = -0.572107 (2979) ; max = +0.623293 (12407) ; ext = +0.623293 (12407)

cpa/S4/demo.64_4.s4.p00.g35.cor [40] ; min = -0.564245 (13670) ; max = +0.853120 (2488) ; ext = +0.853120 (2488)
cpa/S4/demo.64_4.s4.p00.g44.cor [40] ; min = -0.662888 (22317) ; max = +0.668882 (40064) ; ext = +0.668882 (40064)
cpa/S4/demo.64_4.s4.p00.g60.cor [40] ; min = -0.614143 (35806) ; max = +0.655436 (40027) ; ext = +0.655436 (40027)
cpa/S4/demo.64_4.s4.p00.g57.cor [40] ; min = -0.636954 (7939) ; max = +0.653323 (43351) ; ext = +0.653323 (43351)
cpa/S4/demo.64_4.s4.p00.g26.cor [40] ; min = -0.551452 (47399) ; max = +0.644626 (25373) ; ext = +0.644626 (25373)
cpa/S4/demo.64_4.s4.p00.g61.cor [40] ; min = -0.683154 (41278) ; max = +0.642858 (37141) ; ext = -0.683154 (41278)
cpa/S4/demo.64_4.s4.p00.g02.cor [40] ; min = -0.637280 (5850) ; max = +0.631185 (33528) ; ext = -0.637280 (5850)
cpa/S4/demo.64_4.s4.p00.g15.cor [40] ; min = -0.634711 (29262) ; max = +0.624098 (2174) ; ext = -0.634711 (29262)
cpa/S4/demo.64_4.s4.p00.g52.cor [40] ; min = -0.615794 (18326) ; max = +0.621766 (32230) ; ext = +0.621766 (32230)
cpa/S4/demo.64_4.s4.p00.g10.cor [40] ; min = -0.673814 (48562) ; max = +0.620695 (28231) ; ext = -0.673814 (48562)

cpa/S5/demo.64_4.s5.p00.g63.cor [40] ; min = -0.521693 (18509) ; max = +0.673258 (9134) ; ext = +0.673258 (9134)
cpa/S5/demo.64_4.s5.p00.g31.cor [40] ; min = -0.568745 (46924) ; max = +0.646278 (31055) ; ext = +0.646278 (31055)
cpa/S5/demo.64_4.s5.p00.g36.cor [40] ; min = -0.581007 (38000) ; max = +0.641879 (12491) ; ext = +0.641879 (12491)
cpa/S5/demo.64_4.s5.p00.g58.cor [40] ; min = -0.611462 (35497) ; max = +0.635794 (27577) ; ext = +0.635794 (27577)
cpa/S5/demo.64_4.s5.p00.g05.cor [40] ; min = -0.571685 (47342) ; max = +0.635329 (41381) ; ext = +0.635329 (41381)
cpa/S5/demo.64_4.s5.p00.g26.cor [40] ; min = -0.548934 (21258) ; max = +0.626879 (9852) ; ext = +0.626879 (9852)
cpa/S5/demo.64_4.s5.p00.g12.cor [40] ; min = -0.610480 (42342) ; max = +0.626176 (49718) ; ext = +0.626176 (49718)
cpa/S5/demo.64_4.s5.p00.g06.cor [40] ; min = -0.576115 (5259) ; max = +0.618102 (13669) ; ext = +0.618102 (13669)
cpa/S5/demo.64_4.s5.p00.g09.cor [40] ; min = -0.575833 (6702) ; max = +0.616992 (44266) ; ext = +0.616992 (44266)
cpa/S5/demo.64_4.s5.p00.g39.cor [40] ; min = -0.576500 (42342) ; max = +0.616768 (25786) ; ext = +0.616768 (25786)

cpa/S6/demo.64_4.s6.p00.g35.cor [40] ; min = -0.664360 (15120) ; max = +0.752843 (31511) ; ext = +0.752843 (31511)
cpa/S6/demo.64_4.s6.p00.g50.cor [40] ; min = -0.674391 (5225) ; max = +0.715914 (27817) ; ext = +0.715914 (27817)
cpa/S6/demo.64_4.s6.p00.g55.cor [40] ; min = -0.690673 (816) ; max = +0.698963 (36239) ; ext = +0.698963 (36239)
cpa/S6/demo.64_4.s6.p00.g47.cor [40] ; min = -0.609557 (31220) ; max = +0.662127 (3451) ; ext = +0.662127 (3451)
cpa/S6/demo.64_4.s6.p00.g01.cor [40] ; min = -0.625297 (40779) ; max = +0.661137 (25912) ; ext = +0.661137 (25912)
cpa/S6/demo.64_4.s6.p00.g20.cor [40] ; min = -0.643009 (1951) ; max = +0.654978 (9418) ; ext = +0.654978 (9418)
cpa/S6/demo.64_4.s6.p00.g32.cor [40] ; min = -0.630336 (47608) ; max = +0.646672 (42530) ; ext = +0.646672 (42530)
cpa/S6/demo.64_4.s6.p00.g58.cor [40] ; min = -0.619030 (41933) ; max = +0.643266 (23464) ; ext = +0.643266 (23464)
cpa/S6/demo.64_4.s6.p00.g46.cor [40] ; min = -0.570654 (8570) ; max = +0.639427 (31431) ; ext = +0.639427 (31431)
cpa/S6/demo.64_4.s6.p00.g36.cor [40] ; min = -0.613869 (21147) ; max = +0.632976 (11357) ; ext = +0.632976 (11357)

cpa/S7/demo.64_4.s7.p00.g37.cor [40] ; min = -0.534894 (8188) ; max = +0.754183 (8184) ; ext = +0.754183 (8184)
cpa/S7/demo.64_4.s7.p00.g34.cor [40] ; min = -0.652457 (37110) ; max = +0.721521 (32492) ; ext = +0.721521 (32492)
cpa/S7/demo.64_4.s7.p00.g39.cor [40] ; min = -0.610292 (16921) ; max = +0.679809 (22651) ; ext = +0.679809 (22651)
cpa/S7/demo.64_4.s7.p00.g54.cor [40] ; min = -0.571265 (39084) ; max = +0.667384 (28627) ; ext = +0.667384 (28627)
cpa/S7/demo.64_4.s7.p00.g55.cor [40] ; min = -0.622563 (14557) ; max = +0.660610 (27195) ; ext = +0.660610 (27195)
cpa/S7/demo.64_4.s7.p00.g11.cor [40] ; min = -0.624999 (18715) ; max = +0.657084 (32843) ; ext = +0.657084 (32843)
cpa/S7/demo.64_4.s7.p00.g03.cor [40] ; min = -0.612174 (43964) ; max = +0.650275 (19408) ; ext = +0.650275 (19408)
cpa/S7/demo.64_4.s7.p00.g41.cor [40] ; min = -0.634291 (42130) ; max = +0.646343 (23916) ; ext = +0.646343 (23916)
cpa/S7/demo.64_4.s7.p00.g40.cor [40] ; min = -0.583339 (49461) ; max = +0.643800 (25108) ; ext = +0.643800 (25108)
cpa/S7/demo.64_4.s7.p00.g61.cor [40] ; min = -0.560976 (41461) ; max = +0.640917 (14103) ; ext = +0.640917 (14103)

cpa/S8/demo.64_4.s8.p00.g48.cor [40] ; min = -0.615008 (22964) ; max = +0.824896 (16593) ; ext = +0.824896 (16593)
cpa/S8/demo.64_4.s8.p00.g13.cor [40] ; min = -0.670876 (45656) ; max = +0.713006 (1622) ; ext = +0.713006 (1622)
cpa/S8/demo.64_4.s8.p00.g57.cor [40] ; min = -0.615823 (26304) ; max = +0.685146 (12314) ; ext = +0.685146 (12314)
cpa/S8/demo.64_4.s8.p00.g30.cor [40] ; min = -0.670280 (7880) ; max = +0.680769 (45372) ; ext = +0.680769 (45372)
cpa/S8/demo.64_4.s8.p00.g44.cor [40] ; min = -0.557080 (23350) ; max = +0.672157 (36974) ; ext = +0.672157 (36974)
cpa/S8/demo.64_4.s8.p00.g50.cor [40] ; min = -0.585729 (23103) ; max = +0.653409 (16975) ; ext = +0.653409 (16975)
cpa/S8/demo.64_4.s8.p00.g11.cor [40] ; min = -0.585867 (7526) ; max = +0.652441 (32438) ; ext = +0.652441 (32438)
cpa/S8/demo.64_4.s8.p00.g25.cor [40] ; min = -0.613266 (33599) ; max = +0.650470 (23103) ; ext = +0.650470 (23103)
cpa/S8/demo.64_4.s8.p00.g04.cor [40] ; min = -0.636286 (31395) ; max = +0.647743 (23103) ; ext = +0.647743 (23103)
cpa/S8/demo.64_4.s8.p00.g33.cor [40] ; min = -0.617922 (39426) ; max = +0.642082 (16333) ; ext = +0.642082 (16333)
