cpa/S7/demo.64_4.s7.p00.g00.cor [40] ; min = -0.549178 (15389) ; max = +0.550775 (1694) ; ext = +0.550775 (1694)
cpa/S7/demo.64_4.s7.p00.g01.cor [40] ; min = -0.562799 (47803) ; max = +0.550717 (4814) ; ext = -0.562799 (47803)
cpa/S7/demo.64_4.s7.p00.g02.cor [40] ; min = -0.557752 (36908) ; max = +0.542603 (28045) ; ext = -0.557752 (36908)
cpa/S7/demo.64_4.s7.p00.g03.cor [40] ; min = -0.612174 (43964) ; max = +0.650275 (19408) ; ext = +0.650275 (19408)
cpa/S7/demo.64_4.s7.p00.g04.cor [40] ; min = -0.581524 (33528) ; max = +0.536424 (5464) ; ext = -0.581524 (33528)
cpa/S7/demo.64_4.s7.p00.g05.cor [40] ; min = -0.572335 (45125) ; max = +0.546894 (44181) ; ext = -0.572335 (45125)
cpa/S7/demo.64_4.s7.p00.g06.cor [40] ; min = -0.607374 (40965) ; max = +0.597573 (34415) ; ext = -0.607374 (40965)
cpa/S7/demo.64_4.s7.p00.g07.cor [40] ; min = -0.592119 (164) ; max = +0.616874 (29117) ; ext = +0.616874 (29117)
cpa/S7/demo.64_4.s7.p00.g08.cor [40] ; min = -0.574804 (14395) ; max = +0.534244 (95) ; ext = -0.574804 (14395)
cpa/S7/demo.64_4.s7.p00.g09.cor [40] ; min = -0.605242 (32889) ; max = +0.604322 (29115) ; ext = -0.605242 (32889)
cpa/S7/demo.64_4.s7.p00.g10.cor [40] ; min = -0.630715 (22229) ; max = +0.628259 (14250) ; ext = -0.630715 (22229)
cpa/S7/demo.64_4.s7.p00.g11.cor [40] ; min = -0.624999 (18715) ; max = +0.657084 (32843) ; ext = +0.657084 (32843)
cpa/S7/demo.64_4.s7.p00.g12.cor [40] ; min = -0.548698 (48977) ; max = +0.556049 (16914) ; ext = +0.556049 (16914)
cpa/S7/demo.64_4.s7.p00.g13.cor [40] ; min = -0.551165 (28133) ; max = +0.551753 (46724) ; ext = +0.551753 (46724)
cpa/S7/demo.64_4.s7.p00.g14.cor [40] ; min = -0.606756 (6469) ; max = +0.628779 (13608) ; ext = +0.628779 (13608)
cpa/S7/demo.64_4.s7.p00.g15.cor [40] ; min = -0.630627 (9456) ; max = +0.523407 (42245) ; ext = -0.630627 (9456)
cpa/S7/demo.64_4.s7.p00.g16.cor [40] ; min = -0.484326 (43365) ; max = +0.544515 (46532) ; ext = +0.544515 (46532)
cpa/S7/demo.64_4.s7.p00.g17.cor [40] ; min = -0.528787 (18193) ; max = +0.550261 (7292) ; ext = +0.550261 (7292)
cpa/S7/demo.64_4.s7.p00.g18.cor [40] ; min = -0.600977 (48632) ; max = +0.530002 (42371) ; ext = -0.600977 (48632)
cpa/S7/demo.64_4.s7.p00.g19.cor [40] ; min = -0.546789 (12223) ; max = +0.615493 (22667) ; ext = +0.615493 (22667)
cpa/S7/demo.64_4.s7.p00.g20.cor [40] ; min = -0.574716 (24481) ; max = +0.611366 (45850) ; ext = +0.611366 (45850)
cpa/S7/demo.64_4.s7.p00.g21.cor [40] ; min = -0.605618 (6303) ; max = +0.555146 (31801) ; ext = -0.605618 (6303)
cpa/S7/demo.64_4.s7.p00.g22.cor [40] ; min = -0.543286 (45344) ; max = +0.499583 (33180) ; ext = -0.543286 (45344)
cpa/S7/demo.64_4.s7.p00.g23.cor [40] ; min = -0.608107 (32181) ; max = +0.604885 (19135) ; ext = -0.608107 (32181)
cpa/S7/demo.64_4.s7.p00.g24.cor [40] ; min = -0.575862 (35494) ; max = +0.601652 (11263) ; ext = +0.601652 (11263)
cpa/S7/demo.64_4.s7.p00.g25.cor [40] ; min = -0.612192 (46287) ; max = +0.619832 (5985) ; ext = +0.619832 (5985)
cpa/S7/demo.64_4.s7.p00.g26.cor [40] ; min = -0.578474 (15283) ; max = +0.606419 (44180) ; ext = +0.606419 (44180)
cpa/S7/demo.64_4.s7.p00.g27.cor [40] ; min = -0.591383 (8020) ; max = +0.554328 (12912) ; ext = -0.591383 (8020)
cpa/S7/demo.64_4.s7.p00.g28.cor [40] ; min = -0.663909 (10907) ; max = +0.603610 (8428) ; ext = -0.663909 (10907)
cpa/S7/demo.64_4.s7.p00.g29.cor [40] ; min = -0.640183 (11909) ; max = +0.546709 (1362) ; ext = -0.640183 (11909)
cpa/S7/demo.64_4.s7.p00.g30.cor [40] ; min = -0.540099 (39798) ; max = +0.540937 (34004) ; ext = +0.540937 (34004)
cpa/S7/demo.64_4.s7.p00.g31.cor [40] ; min = -0.565701 (38073) ; max = +0.519171 (29715) ; ext = -0.565701 (38073)
cpa/S7/demo.64_4.s7.p00.g32.cor [40] ; min = -0.620019 (957) ; max = +0.614118 (47884) ; ext = -0.620019 (957)
cpa/S7/demo.64_4.s7.p00.g33.cor [40] ; min = -0.525010 (8705) ; max = +0.522304 (12409) ; ext = -0.525010 (8705)
cpa/S7/demo.64_4.s7.p00.g34.cor [40] ; min = -0.652457 (37110) ; max = +0.721521 (32492) ; ext = +0.721521 (32492)
cpa/S7/demo.64_4.s7.p00.g35.cor [40] ; min = -0.643680 (21626) ; max = +0.627783 (25827) ; ext = -0.643680 (21626)
cpa/S7/demo.64_4.s7.p00.g36.cor [40] ; min = -0.557433 (4495) ; max = +0.565754 (15156) ; ext = +0.565754 (15156)
cpa/S7/demo.64_4.s7.p00.g37.cor [40] ; min = -0.534894 (8188) ; max = +0.754183 (8184) ; ext = +0.754183 (8184)
cpa/S7/demo.64_4.s7.p00.g38.cor [40] ; min = -0.591695 (25562) ; max = +0.555922 (49861) ; ext = -0.591695 (25562)
cpa/S7/demo.64_4.s7.p00.g39.cor [40] ; min = -0.610292 (16921) ; max = +0.679809 (22651) ; ext = +0.679809 (22651)
cpa/S7/demo.64_4.s7.p00.g40.cor [40] ; min = -0.583339 (49461) ; max = +0.643800 (25108) ; ext = +0.643800 (25108)
cpa/S7/demo.64_4.s7.p00.g41.cor [40] ; min = -0.634291 (42130) ; max = +0.646343 (23916) ; ext = +0.646343 (23916)
cpa/S7/demo.64_4.s7.p00.g42.cor [40] ; min = -0.595623 (43972) ; max = +0.626253 (46382) ; ext = +0.626253 (46382)
cpa/S7/demo.64_4.s7.p00.g43.cor [40] ; min = -0.545447 (628) ; max = +0.585642 (26544) ; ext = +0.585642 (26544)
cpa/S7/demo.64_4.s7.p00.g44.cor [40] ; min = -0.516574 (29223) ; max = +0.545546 (11589) ; ext = +0.545546 (11589)
cpa/S7/demo.64_4.s7.p00.g45.cor [40] ; min = -0.620817 (35912) ; max = +0.587430 (30260) ; ext = -0.620817 (35912)
cpa/S7/demo.64_4.s7.p00.g46.cor [40] ; min = -0.688540 (13764) ; max = +0.609689 (39552) ; ext = -0.688540 (13764)
cpa/S7/demo.64_4.s7.p00.g47.cor [40] ; min = -0.538102 (5985) ; max = +0.639472 (1454) ; ext = +0.639472 (1454)
cpa/S7/demo.64_4.s7.p00.g48.cor [40] ; min = -0.658620 (35492) ; max = +0.584548 (28645) ; ext = -0.658620 (35492)
cpa/S7/demo.64_4.s7.p00.g49.cor [40] ; min = -0.588648 (45125) ; max = +0.566973 (8184) ; ext = -0.588648 (45125)
cpa/S7/demo.64_4.s7.p00.g50.cor [40] ; min = -0.620841 (43585) ; max = +0.591731 (12040) ; ext = -0.620841 (43585)
cpa/S7/demo.64_4.s7.p00.g51.cor [40] ; min = -0.609432 (1227) ; max = +0.633016 (7482) ; ext = +0.633016 (7482)
cpa/S7/demo.64_4.s7.p00.g52.cor [40] ; min = -0.576550 (18213) ; max = +0.612305 (41109) ; ext = +0.612305 (41109)
cpa/S7/demo.64_4.s7.p00.g53.cor [40] ; min = -0.594162 (27188) ; max = +0.569641 (17149) ; ext = -0.594162 (27188)
cpa/S7/demo.64_4.s7.p00.g54.cor [40] ; min = -0.571265 (39084) ; max = +0.667384 (28627) ; ext = +0.667384 (28627)
cpa/S7/demo.64_4.s7.p00.g55.cor [40] ; min = -0.622563 (14557) ; max = +0.660610 (27195) ; ext = +0.660610 (27195)
cpa/S7/demo.64_4.s7.p00.g56.cor [40] ; min = -0.574384 (28237) ; max = +0.510156 (38109) ; ext = -0.574384 (28237)
cpa/S7/demo.64_4.s7.p00.g57.cor [40] ; min = -0.541352 (42245) ; max = +0.568787 (31487) ; ext = +0.568787 (31487)
cpa/S7/demo.64_4.s7.p00.g58.cor [40] ; min = -0.540035 (48906) ; max = +0.581993 (24782) ; ext = +0.581993 (24782)
cpa/S7/demo.64_4.s7.p00.g59.cor [40] ; min = -0.659713 (46351) ; max = +0.525430 (42652) ; ext = -0.659713 (46351)
cpa/S7/demo.64_4.s7.p00.g60.cor [40] ; min = -0.576802 (36823) ; max = +0.568682 (38241) ; ext = -0.576802 (36823)
cpa/S7/demo.64_4.s7.p00.g61.cor [40] ; min = -0.560976 (41461) ; max = +0.640917 (14103) ; ext = +0.640917 (14103)
cpa/S7/demo.64_4.s7.p00.g62.cor [40] ; min = -0.609619 (34246) ; max = +0.579617 (13756) ; ext = -0.609619 (34246)
cpa/S7/demo.64_4.s7.p00.g63.cor [40] ; min = -0.553134 (43585) ; max = +0.538137 (833) ; ext = -0.553134 (43585)
