
cpa/S1/sync.64_4.s1.p00.g18.cor [40] ; min = -0.889000 (2078) ; max = +0.930957 (25000) ; ext = +0.930957 (25000)
cpa/S1/sync.64_4.s1.p00.g17.cor [40] ; min = -0.575312 (6650) ; max = +0.670836 (18379) ; ext = +0.670836 (18379)
cpa/S1/sync.64_4.s1.p00.g16.cor [40] ; min = -0.578952 (43966) ; max = +0.649002 (2641) ; ext = +0.649002 (2641)
cpa/S1/sync.64_4.s1.p00.g23.cor [40] ; min = -0.565405 (5850) ; max = +0.648772 (36209) ; ext = +0.648772 (36209)
cpa/S1/sync.64_4.s1.p00.g49.cor [40] ; min = -0.627003 (7868) ; max = +0.647251 (25012) ; ext = +0.647251 (25012)
cpa/S1/sync.64_4.s1.p00.g32.cor [40] ; min = -0.555774 (48920) ; max = +0.647243 (12252) ; ext = +0.647243 (12252)
cpa/S1/sync.64_4.s1.p00.g51.cor [40] ; min = -0.579586 (7931) ; max = +0.643577 (32902) ; ext = +0.643577 (32902)
cpa/S1/sync.64_4.s1.p00.g22.cor [40] ; min = -0.668694 (4826) ; max = +0.639470 (22119) ; ext = -0.668694 (4826)
cpa/S1/sync.64_4.s1.p00.g40.cor [40] ; min = -0.655308 (2525) ; max = +0.636461 (17648) ; ext = -0.655308 (2525)
cpa/S1/sync.64_4.s1.p00.g56.cor [40] ; min = -0.670158 (43597) ; max = +0.629059 (2078) ; ext = -0.670158 (43597)

cpa/S2/sync.64_4.s2.p00.g33.cor [40] ; min = -0.874903 (180) ; max = +0.955181 (30561) ; ext = +0.955181 (30561)
cpa/S2/sync.64_4.s2.p00.g09.cor [40] ; min = -0.681962 (180) ; max = +0.735601 (14694) ; ext = +0.735601 (14694)
cpa/S2/sync.64_4.s2.p00.g40.cor [40] ; min = -0.684663 (6577) ; max = +0.734608 (30563) ; ext = +0.734608 (30563)
cpa/S2/sync.64_4.s2.p00.g50.cor [40] ; min = -0.677469 (20254) ; max = +0.717512 (586) ; ext = +0.717512 (586)
cpa/S2/sync.64_4.s2.p00.g01.cor [40] ; min = -0.731265 (27907) ; max = +0.697793 (8509) ; ext = -0.731265 (27907)
cpa/S2/sync.64_4.s2.p00.g00.cor [40] ; min = -0.614367 (14691) ; max = +0.697055 (30561) ; ext = +0.697055 (30561)
cpa/S2/sync.64_4.s2.p00.g34.cor [40] ; min = -0.612323 (38545) ; max = +0.688611 (27402) ; ext = +0.688611 (27402)
cpa/S2/sync.64_4.s2.p00.g43.cor [40] ; min = -0.642397 (37668) ; max = +0.677099 (11212) ; ext = +0.677099 (11212)
cpa/S2/sync.64_4.s2.p00.g18.cor [40] ; min = -0.643325 (24597) ; max = +0.675841 (13362) ; ext = +0.675841 (13362)
cpa/S2/sync.64_4.s2.p00.g31.cor [40] ; min = -0.696151 (30119) ; max = +0.673759 (36249) ; ext = -0.696151 (30119)

cpa/S3/sync.64_4.s3.p00.g20.cor [40] ; min = -0.760208 (17539) ; max = +0.923076 (17541) ; ext = +0.923076 (17541)
cpa/S3/sync.64_4.s3.p00.g56.cor [40] ; min = -0.585712 (3500) ; max = +0.706311 (24345) ; ext = +0.706311 (24345)
cpa/S3/sync.64_4.s3.p00.g10.cor [40] ; min = -0.593545 (18012) ; max = +0.685163 (43039) ; ext = +0.685163 (43039)
cpa/S3/sync.64_4.s3.p00.g61.cor [40] ; min = -0.652687 (2002) ; max = +0.684891 (7340) ; ext = +0.684891 (7340)
cpa/S3/sync.64_4.s3.p00.g35.cor [40] ; min = -0.599460 (41723) ; max = +0.663868 (585) ; ext = +0.663868 (585)
cpa/S3/sync.64_4.s3.p00.g24.cor [40] ; min = -0.588553 (44239) ; max = +0.659616 (35903) ; ext = +0.659616 (35903)
cpa/S3/sync.64_4.s3.p00.g49.cor [40] ; min = -0.546160 (34273) ; max = +0.656981 (40234) ; ext = +0.656981 (40234)
cpa/S3/sync.64_4.s3.p00.g39.cor [40] ; min = -0.562536 (37899) ; max = +0.655277 (4677) ; ext = +0.655277 (4677)
cpa/S3/sync.64_4.s3.p00.g03.cor [40] ; min = -0.612166 (17712) ; max = +0.648099 (32899) ; ext = +0.648099 (32899)
cpa/S3/sync.64_4.s3.p00.g01.cor [40] ; min = -0.533978 (30538) ; max = +0.647581 (35408) ; ext = +0.647581 (35408)

cpa/S4/sync.64_4.s4.p00.g35.cor [40] ; min = -0.880464 (22150) ; max = +0.931626 (2487) ; ext = +0.931626 (2487)
cpa/S4/sync.64_4.s4.p00.g28.cor [40] ; min = -0.542563 (37541) ; max = +0.697272 (1654) ; ext = +0.697272 (1654)
cpa/S4/sync.64_4.s4.p00.g22.cor [40] ; min = -0.627494 (3293) ; max = +0.686905 (10356) ; ext = +0.686905 (10356)
cpa/S4/sync.64_4.s4.p00.g13.cor [40] ; min = -0.532712 (19263) ; max = +0.670103 (35236) ; ext = +0.670103 (35236)
cpa/S4/sync.64_4.s4.p00.g57.cor [40] ; min = -0.634318 (5849) ; max = +0.659336 (2121) ; ext = +0.659336 (2121)
cpa/S4/sync.64_4.s4.p00.g17.cor [40] ; min = -0.668582 (43035) ; max = +0.656584 (38283) ; ext = -0.668582 (43035)
cpa/S4/sync.64_4.s4.p00.g33.cor [40] ; min = -0.629374 (47699) ; max = +0.654180 (28566) ; ext = +0.654180 (28566)
cpa/S4/sync.64_4.s4.p00.g01.cor [40] ; min = -0.636657 (8097) ; max = +0.648766 (18741) ; ext = +0.648766 (18741)
cpa/S4/sync.64_4.s4.p00.g29.cor [40] ; min = -0.687805 (41924) ; max = +0.648058 (39088) ; ext = -0.687805 (41924)
cpa/S4/sync.64_4.s4.p00.g52.cor [40] ; min = -0.659382 (40572) ; max = +0.643108 (22487) ; ext = -0.659382 (40572)

cpa/S5/sync.64_4.s5.p00.g63.cor [40] ; min = -0.790754 (15640) ; max = +0.857260 (9133) ; ext = +0.857260 (9133)
cpa/S5/sync.64_4.s5.p00.g47.cor [40] ; min = -0.704562 (48975) ; max = +0.683326 (44303) ; ext = -0.704562 (48975)
cpa/S5/sync.64_4.s5.p00.g05.cor [40] ; min = -0.574502 (45134) ; max = +0.645977 (18547) ; ext = +0.645977 (18547)
cpa/S5/sync.64_4.s5.p00.g12.cor [40] ; min = -0.543498 (34245) ; max = +0.636879 (26264) ; ext = +0.636879 (26264)
cpa/S5/sync.64_4.s5.p00.g04.cor [40] ; min = -0.552455 (29302) ; max = +0.634070 (37668) ; ext = +0.634070 (37668)
cpa/S5/sync.64_4.s5.p00.g03.cor [40] ; min = -0.606760 (11857) ; max = +0.633148 (49327) ; ext = +0.633148 (49327)
cpa/S5/sync.64_4.s5.p00.g11.cor [40] ; min = -0.565964 (44502) ; max = +0.633056 (42990) ; ext = +0.633056 (42990)
cpa/S5/sync.64_4.s5.p00.g58.cor [40] ; min = -0.644952 (35496) ; max = +0.628803 (27578) ; ext = -0.644952 (35496)
cpa/S5/sync.64_4.s5.p00.g59.cor [40] ; min = -0.511624 (6150) ; max = +0.627753 (11366) ; ext = +0.627753 (11366)
cpa/S5/sync.64_4.s5.p00.g32.cor [40] ; min = -0.550902 (15162) ; max = +0.626811 (9110) ; ext = +0.626811 (9110)

cpa/S6/sync.64_4.s6.p00.g35.cor [40] ; min = -0.838250 (31508) ; max = +0.888851 (31510) ; ext = +0.888851 (31510)
cpa/S6/sync.64_4.s6.p00.g34.cor [40] ; min = -0.616333 (32296) ; max = +0.677920 (36538) ; ext = +0.677920 (36538)
cpa/S6/sync.64_4.s6.p00.g01.cor [40] ; min = -0.583436 (41018) ; max = +0.673166 (26311) ; ext = +0.673166 (26311)
cpa/S6/sync.64_4.s6.p00.g09.cor [40] ; min = -0.644122 (46567) ; max = +0.672008 (2550) ; ext = +0.672008 (2550)
cpa/S6/sync.64_4.s6.p00.g39.cor [40] ; min = -0.658549 (12658) ; max = +0.669705 (32223) ; ext = +0.669705 (32223)
cpa/S6/sync.64_4.s6.p00.g24.cor [40] ; min = -0.574030 (37020) ; max = +0.666188 (18261) ; ext = +0.666188 (18261)
cpa/S6/sync.64_4.s6.p00.g14.cor [40] ; min = -0.599978 (32736) ; max = +0.653987 (7519) ; ext = +0.653987 (7519)
cpa/S6/sync.64_4.s6.p00.g41.cor [40] ; min = -0.587840 (48893) ; max = +0.652680 (42202) ; ext = +0.652680 (42202)
cpa/S6/sync.64_4.s6.p00.g28.cor [40] ; min = -0.643931 (40465) ; max = +0.638195 (24629) ; ext = -0.643931 (40465)
cpa/S6/sync.64_4.s6.p00.g63.cor [40] ; min = -0.537380 (24616) ; max = +0.631975 (10865) ; ext = +0.631975 (10865)

cpa/S7/sync.64_4.s7.p00.g37.cor [40] ; min = -0.895306 (8181) ; max = +0.926732 (8183) ; ext = +0.926732 (8183)
cpa/S7/sync.64_4.s7.p00.g41.cor [40] ; min = -0.591798 (45943) ; max = +0.688655 (23916) ; ext = +0.688655 (23916)
cpa/S7/sync.64_4.s7.p00.g35.cor [40] ; min = -0.648919 (34164) ; max = +0.666376 (18237) ; ext = +0.666376 (18237)
cpa/S7/sync.64_4.s7.p00.g30.cor [40] ; min = -0.644925 (31508) ; max = +0.664788 (31511) ; ext = +0.664788 (31511)
cpa/S7/sync.64_4.s7.p00.g13.cor [40] ; min = -0.585188 (19394) ; max = +0.658888 (36159) ; ext = +0.658888 (36159)
cpa/S7/sync.64_4.s7.p00.g36.cor [40] ; min = -0.521801 (42193) ; max = +0.654913 (46755) ; ext = +0.654913 (46755)
cpa/S7/sync.64_4.s7.p00.g61.cor [40] ; min = -0.626177 (14831) ; max = +0.652386 (12019) ; ext = +0.652386 (12019)
cpa/S7/sync.64_4.s7.p00.g15.cor [40] ; min = -0.613366 (1063) ; max = +0.648699 (5271) ; ext = +0.648699 (5271)
cpa/S7/sync.64_4.s7.p00.g58.cor [40] ; min = -0.610941 (41694) ; max = +0.644222 (37215) ; ext = +0.644222 (37215)
cpa/S7/sync.64_4.s7.p00.g51.cor [40] ; min = -0.612164 (16799) ; max = +0.641293 (16197) ; ext = +0.641293 (16197)

cpa/S8/sync.64_4.s8.p00.g48.cor [40] ; min = -0.732438 (29609) ; max = +0.915242 (16592) ; ext = +0.915242 (16592)
cpa/S8/sync.64_4.s8.p00.g22.cor [40] ; min = -0.620941 (10061) ; max = +0.710300 (16975) ; ext = +0.710300 (16975)
cpa/S8/sync.64_4.s8.p00.g04.cor [40] ; min = -0.652366 (29473) ; max = +0.680374 (23102) ; ext = +0.680374 (23102)
cpa/S8/sync.64_4.s8.p00.g52.cor [40] ; min = -0.600951 (1021) ; max = +0.676579 (18882) ; ext = +0.676579 (18882)
cpa/S8/sync.64_4.s8.p00.g05.cor [40] ; min = -0.605580 (39791) ; max = +0.667959 (45035) ; ext = +0.667959 (45035)
cpa/S8/sync.64_4.s8.p00.g07.cor [40] ; min = -0.596971 (15475) ; max = +0.662505 (35011) ; ext = +0.662505 (35011)
cpa/S8/sync.64_4.s8.p00.g12.cor [40] ; min = -0.560237 (12268) ; max = +0.660369 (38484) ; ext = +0.660369 (38484)
cpa/S8/sync.64_4.s8.p00.g62.cor [40] ; min = -0.684060 (6148) ; max = +0.657505 (741) ; ext = -0.684060 (6148)
cpa/S8/sync.64_4.s8.p00.g25.cor [40] ; min = -0.580882 (40851) ; max = +0.656439 (23102) ; ext = +0.656439 (23102)
cpa/S8/sync.64_4.s8.p00.g36.cor [40] ; min = -0.645794 (30746) ; max = +0.656182 (49531) ; ext = +0.656182 (49531)

cpa/S8/sync.64_8.s8.p00.g55.cor [40] ; min = -0.614732 (30099) ; max = +0.686580 (14865) ; ext = +0.686580 (14865)
cpa/S8/sync.64_8.s8.p00.g51.cor [40] ; min = -0.619591 (4034) ; max = +0.674490 (27171) ; ext = +0.674490 (27171)
cpa/S8/sync.64_8.s8.p00.g11.cor [40] ; min = -0.575004 (22030) ; max = +0.672597 (5345) ; ext = +0.672597 (5345)
cpa/S8/sync.64_8.s8.p00.g40.cor [40] ; min = -0.648193 (8129) ; max = +0.668930 (36741) ; ext = +0.668930 (36741)
cpa/S8/sync.64_8.s8.p00.g58.cor [40] ; min = -0.612468 (2522) ; max = +0.667603 (36991) ; ext = +0.667603 (36991)
cpa/S8/sync.64_8.s8.p00.g54.cor [40] ; min = -0.524828 (3076) ; max = +0.656826 (15103) ; ext = +0.656826 (15103)
cpa/S8/sync.64_8.s8.p00.g44.cor [40] ; min = -0.577190 (36542) ; max = +0.656063 (16748) ; ext = +0.656063 (16748)
cpa/S8/sync.64_8.s8.p00.g41.cor [40] ; min = -0.602893 (4136) ; max = +0.651206 (11400) ; ext = +0.651206 (11400)
cpa/S8/sync.64_8.s8.p00.g20.cor [40] ; min = -0.654602 (35873) ; max = +0.645432 (21267) ; ext = -0.654602 (35873)
cpa/S8/sync.64_8.s8.p00.g28.cor [40] ; min = -0.620533 (7045) ; max = +0.637326 (40143) ; ext = +0.637326 (40143)

cpa/S8/sync.32_8.s8.p00.g33.cor [40] ; min = -0.652609 (15260) ; max = +0.698869 (38725) ; ext = +0.698869 (38725)
cpa/S8/sync.32_8.s8.p00.g32.cor [40] ; min = -0.652609 (15260) ; max = +0.698869 (38725) ; ext = +0.698869 (38725)
cpa/S8/sync.32_8.s8.p00.g63.cor [40] ; min = -0.573364 (45810) ; max = +0.686245 (13477) ; ext = +0.686245 (13477)
cpa/S8/sync.32_8.s8.p00.g62.cor [40] ; min = -0.573364 (45810) ; max = +0.686245 (13477) ; ext = +0.686245 (13477)
cpa/S8/sync.32_8.s8.p00.g53.cor [40] ; min = -0.623728 (49860) ; max = +0.661502 (25118) ; ext = +0.661502 (25118)
cpa/S8/sync.32_8.s8.p00.g52.cor [40] ; min = -0.623728 (49860) ; max = +0.661502 (25118) ; ext = +0.661502 (25118)
cpa/S8/sync.32_8.s8.p00.g07.cor [40] ; min = -0.556295 (6673) ; max = +0.653830 (11280) ; ext = +0.653830 (11280)
cpa/S8/sync.32_8.s8.p00.g06.cor [40] ; min = -0.556295 (6673) ; max = +0.653830 (11280) ; ext = +0.653830 (11280)
cpa/S8/sync.32_8.s8.p00.g03.cor [40] ; min = -0.648986 (36541) ; max = +0.653148 (8929) ; ext = +0.653148 (8929)
cpa/S8/sync.32_8.s8.p00.g02.cor [40] ; min = -0.648986 (36541) ; max = +0.653148 (8929) ; ext = +0.653148 (8929)
