cpa/S8/sync.32_8.s8.p00.g00.cor [40] ; min = -0.550361 (39932) ; max = +0.641796 (10054) ; ext = +0.641796 (10054)
cpa/S8/sync.32_8.s8.p00.g01.cor [40] ; min = -0.550361 (39932) ; max = +0.641796 (10054) ; ext = +0.641796 (10054)
cpa/S8/sync.32_8.s8.p00.g02.cor [40] ; min = -0.648986 (36541) ; max = +0.653148 (8929) ; ext = +0.653148 (8929)
cpa/S8/sync.32_8.s8.p00.g03.cor [40] ; min = -0.648986 (36541) ; max = +0.653148 (8929) ; ext = +0.653148 (8929)
cpa/S8/sync.32_8.s8.p00.g04.cor [40] ; min = -0.554924 (48831) ; max = +0.574261 (24780) ; ext = +0.574261 (24780)
cpa/S8/sync.32_8.s8.p00.g05.cor [40] ; min = -0.554924 (48831) ; max = +0.574261 (24780) ; ext = +0.574261 (24780)
cpa/S8/sync.32_8.s8.p00.g06.cor [40] ; min = -0.556295 (6673) ; max = +0.653830 (11280) ; ext = +0.653830 (11280)
cpa/S8/sync.32_8.s8.p00.g07.cor [40] ; min = -0.556295 (6673) ; max = +0.653830 (11280) ; ext = +0.653830 (11280)
cpa/S8/sync.32_8.s8.p00.g08.cor [40] ; min = -0.559893 (20694) ; max = +0.583975 (13391) ; ext = +0.583975 (13391)
cpa/S8/sync.32_8.s8.p00.g09.cor [40] ; min = -0.559893 (20694) ; max = +0.583975 (13391) ; ext = +0.583975 (13391)
cpa/S8/sync.32_8.s8.p00.g10.cor [40] ; min = -0.590690 (13487) ; max = +0.587074 (14705) ; ext = -0.590690 (13487)
cpa/S8/sync.32_8.s8.p00.g11.cor [40] ; min = -0.590690 (13487) ; max = +0.587074 (14705) ; ext = -0.590690 (13487)
cpa/S8/sync.32_8.s8.p00.g12.cor [40] ; min = -0.577368 (43153) ; max = +0.531120 (47550) ; ext = -0.577368 (43153)
cpa/S8/sync.32_8.s8.p00.g13.cor [40] ; min = -0.577368 (43153) ; max = +0.531120 (47550) ; ext = -0.577368 (43153)
cpa/S8/sync.32_8.s8.p00.g14.cor [40] ; min = -0.555791 (7238) ; max = +0.589803 (21559) ; ext = +0.589803 (21559)
cpa/S8/sync.32_8.s8.p00.g15.cor [40] ; min = -0.555791 (7238) ; max = +0.589803 (21559) ; ext = +0.589803 (21559)
cpa/S8/sync.32_8.s8.p00.g16.cor [40] ; min = -0.575381 (14810) ; max = +0.618797 (39688) ; ext = +0.618797 (39688)
cpa/S8/sync.32_8.s8.p00.g17.cor [40] ; min = -0.575381 (14810) ; max = +0.618797 (39688) ; ext = +0.618797 (39688)
cpa/S8/sync.32_8.s8.p00.g18.cor [40] ; min = -0.584858 (12703) ; max = +0.645888 (6867) ; ext = +0.645888 (6867)
cpa/S8/sync.32_8.s8.p00.g19.cor [40] ; min = -0.584858 (12703) ; max = +0.645888 (6867) ; ext = +0.645888 (6867)
cpa/S8/sync.32_8.s8.p00.g20.cor [40] ; min = -0.590871 (35908) ; max = +0.604082 (8338) ; ext = +0.604082 (8338)
cpa/S8/sync.32_8.s8.p00.g21.cor [40] ; min = -0.590871 (35908) ; max = +0.604082 (8338) ; ext = +0.604082 (8338)
cpa/S8/sync.32_8.s8.p00.g22.cor [40] ; min = -0.640409 (21105) ; max = +0.576245 (6608) ; ext = -0.640409 (21105)
cpa/S8/sync.32_8.s8.p00.g23.cor [40] ; min = -0.640409 (21105) ; max = +0.576245 (6608) ; ext = -0.640409 (21105)
cpa/S8/sync.32_8.s8.p00.g24.cor [40] ; min = -0.626951 (33391) ; max = +0.587160 (22432) ; ext = -0.626951 (33391)
cpa/S8/sync.32_8.s8.p00.g25.cor [40] ; min = -0.626951 (33391) ; max = +0.587160 (22432) ; ext = -0.626951 (33391)
cpa/S8/sync.32_8.s8.p00.g26.cor [40] ; min = -0.592639 (8689) ; max = +0.560774 (10105) ; ext = -0.592639 (8689)
cpa/S8/sync.32_8.s8.p00.g27.cor [40] ; min = -0.592639 (8689) ; max = +0.560774 (10105) ; ext = -0.592639 (8689)
cpa/S8/sync.32_8.s8.p00.g28.cor [40] ; min = -0.606481 (7104) ; max = +0.557099 (13348) ; ext = -0.606481 (7104)
cpa/S8/sync.32_8.s8.p00.g29.cor [40] ; min = -0.606481 (7104) ; max = +0.557099 (13348) ; ext = -0.606481 (7104)
cpa/S8/sync.32_8.s8.p00.g30.cor [40] ; min = -0.567023 (49974) ; max = +0.545138 (31643) ; ext = -0.567023 (49974)
cpa/S8/sync.32_8.s8.p00.g31.cor [40] ; min = -0.567023 (49974) ; max = +0.545138 (31643) ; ext = -0.567023 (49974)
cpa/S8/sync.32_8.s8.p00.g32.cor [40] ; min = -0.652609 (15260) ; max = +0.698869 (38725) ; ext = +0.698869 (38725)
cpa/S8/sync.32_8.s8.p00.g33.cor [40] ; min = -0.652609 (15260) ; max = +0.698869 (38725) ; ext = +0.698869 (38725)
cpa/S8/sync.32_8.s8.p00.g34.cor [40] ; min = -0.701248 (27864) ; max = +0.608640 (20702) ; ext = -0.701248 (27864)
cpa/S8/sync.32_8.s8.p00.g35.cor [40] ; min = -0.701248 (27864) ; max = +0.608640 (20702) ; ext = -0.701248 (27864)
cpa/S8/sync.32_8.s8.p00.g36.cor [40] ; min = -0.599832 (14170) ; max = +0.638376 (47649) ; ext = +0.638376 (47649)
cpa/S8/sync.32_8.s8.p00.g37.cor [40] ; min = -0.599832 (14170) ; max = +0.638376 (47649) ; ext = +0.638376 (47649)
cpa/S8/sync.32_8.s8.p00.g38.cor [40] ; min = -0.684515 (23514) ; max = +0.633287 (29395) ; ext = -0.684515 (23514)
cpa/S8/sync.32_8.s8.p00.g39.cor [40] ; min = -0.684515 (23514) ; max = +0.633287 (29395) ; ext = -0.684515 (23514)
cpa/S8/sync.32_8.s8.p00.g40.cor [40] ; min = -0.543746 (8570) ; max = +0.587886 (12437) ; ext = +0.587886 (12437)
cpa/S8/sync.32_8.s8.p00.g41.cor [40] ; min = -0.543746 (8570) ; max = +0.587886 (12437) ; ext = +0.587886 (12437)
cpa/S8/sync.32_8.s8.p00.g42.cor [40] ; min = -0.559572 (31761) ; max = +0.585722 (14677) ; ext = +0.585722 (14677)
cpa/S8/sync.32_8.s8.p00.g43.cor [40] ; min = -0.559572 (31761) ; max = +0.585722 (14677) ; ext = +0.585722 (14677)
cpa/S8/sync.32_8.s8.p00.g44.cor [40] ; min = -0.630564 (23101) ; max = +0.636823 (28840) ; ext = +0.636823 (28840)
cpa/S8/sync.32_8.s8.p00.g45.cor [40] ; min = -0.630564 (23101) ; max = +0.636823 (28840) ; ext = +0.636823 (28840)
cpa/S8/sync.32_8.s8.p00.g46.cor [40] ; min = -0.675111 (19125) ; max = +0.604761 (12866) ; ext = -0.675111 (19125)
cpa/S8/sync.32_8.s8.p00.g47.cor [40] ; min = -0.675111 (19125) ; max = +0.604761 (12866) ; ext = -0.675111 (19125)
cpa/S8/sync.32_8.s8.p00.g48.cor [40] ; min = -0.542228 (37127) ; max = +0.551812 (39300) ; ext = +0.551812 (39300)
cpa/S8/sync.32_8.s8.p00.g49.cor [40] ; min = -0.542228 (37127) ; max = +0.551812 (39300) ; ext = +0.551812 (39300)
cpa/S8/sync.32_8.s8.p00.g50.cor [40] ; min = -0.578211 (45320) ; max = +0.606459 (13667) ; ext = +0.606459 (13667)
cpa/S8/sync.32_8.s8.p00.g51.cor [40] ; min = -0.578211 (45320) ; max = +0.606459 (13667) ; ext = +0.606459 (13667)
cpa/S8/sync.32_8.s8.p00.g52.cor [40] ; min = -0.623728 (49860) ; max = +0.661502 (25118) ; ext = +0.661502 (25118)
cpa/S8/sync.32_8.s8.p00.g53.cor [40] ; min = -0.623728 (49860) ; max = +0.661502 (25118) ; ext = +0.661502 (25118)
cpa/S8/sync.32_8.s8.p00.g54.cor [40] ; min = -0.613801 (17196) ; max = +0.605494 (48460) ; ext = -0.613801 (17196)
cpa/S8/sync.32_8.s8.p00.g55.cor [40] ; min = -0.613801 (17196) ; max = +0.605494 (48460) ; ext = -0.613801 (17196)
cpa/S8/sync.32_8.s8.p00.g56.cor [40] ; min = -0.584573 (12753) ; max = +0.574010 (20314) ; ext = -0.584573 (12753)
cpa/S8/sync.32_8.s8.p00.g57.cor [40] ; min = -0.584573 (12753) ; max = +0.574010 (20314) ; ext = -0.584573 (12753)
cpa/S8/sync.32_8.s8.p00.g58.cor [40] ; min = -0.533156 (20766) ; max = +0.575903 (9836) ; ext = +0.575903 (9836)
cpa/S8/sync.32_8.s8.p00.g59.cor [40] ; min = -0.533156 (20766) ; max = +0.575903 (9836) ; ext = +0.575903 (9836)
cpa/S8/sync.32_8.s8.p00.g60.cor [40] ; min = -0.601106 (16541) ; max = +0.572398 (2101) ; ext = -0.601106 (16541)
cpa/S8/sync.32_8.s8.p00.g61.cor [40] ; min = -0.601106 (16541) ; max = +0.572398 (2101) ; ext = -0.601106 (16541)
cpa/S8/sync.32_8.s8.p00.g62.cor [40] ; min = -0.573364 (45810) ; max = +0.686245 (13477) ; ext = +0.686245 (13477)
cpa/S8/sync.32_8.s8.p00.g63.cor [40] ; min = -0.573364 (45810) ; max = +0.686245 (13477) ; ext = +0.686245 (13477)
