cpa/S5/sync.64_4.s5.p00.g00.cor [40] ; min = -0.665319 (8981) ; max = +0.610269 (3620) ; ext = -0.665319 (8981)
cpa/S5/sync.64_4.s5.p00.g01.cor [40] ; min = -0.549715 (40921) ; max = +0.603955 (9921) ; ext = +0.603955 (9921)
cpa/S5/sync.64_4.s5.p00.g02.cor [40] ; min = -0.574588 (14485) ; max = +0.610308 (47895) ; ext = +0.610308 (47895)
cpa/S5/sync.64_4.s5.p00.g03.cor [40] ; min = -0.606760 (11857) ; max = +0.633148 (49327) ; ext = +0.633148 (49327)
cpa/S5/sync.64_4.s5.p00.g04.cor [40] ; min = -0.552455 (29302) ; max = +0.634070 (37668) ; ext = +0.634070 (37668)
cpa/S5/sync.64_4.s5.p00.g05.cor [40] ; min = -0.574502 (45134) ; max = +0.645977 (18547) ; ext = +0.645977 (18547)
cpa/S5/sync.64_4.s5.p00.g06.cor [40] ; min = -0.646284 (45018) ; max = +0.591751 (12250) ; ext = -0.646284 (45018)
cpa/S5/sync.64_4.s5.p00.g07.cor [40] ; min = -0.576858 (49834) ; max = +0.567657 (8166) ; ext = -0.576858 (49834)
cpa/S5/sync.64_4.s5.p00.g08.cor [40] ; min = -0.602910 (16244) ; max = +0.575379 (32705) ; ext = -0.602910 (16244)
cpa/S5/sync.64_4.s5.p00.g09.cor [40] ; min = -0.572908 (31346) ; max = +0.603522 (42903) ; ext = +0.603522 (42903)
cpa/S5/sync.64_4.s5.p00.g10.cor [40] ; min = -0.516368 (33831) ; max = +0.624761 (48422) ; ext = +0.624761 (48422)
cpa/S5/sync.64_4.s5.p00.g11.cor [40] ; min = -0.565964 (44502) ; max = +0.633056 (42990) ; ext = +0.633056 (42990)
cpa/S5/sync.64_4.s5.p00.g12.cor [40] ; min = -0.543498 (34245) ; max = +0.636879 (26264) ; ext = +0.636879 (26264)
cpa/S5/sync.64_4.s5.p00.g13.cor [40] ; min = -0.587597 (27059) ; max = +0.610253 (45454) ; ext = +0.610253 (45454)
cpa/S5/sync.64_4.s5.p00.g14.cor [40] ; min = -0.619216 (332) ; max = +0.606574 (24428) ; ext = -0.619216 (332)
cpa/S5/sync.64_4.s5.p00.g15.cor [40] ; min = -0.643976 (38217) ; max = +0.567343 (19879) ; ext = -0.643976 (38217)
cpa/S5/sync.64_4.s5.p00.g16.cor [40] ; min = -0.573449 (2798) ; max = +0.609752 (4951) ; ext = +0.609752 (4951)
cpa/S5/sync.64_4.s5.p00.g17.cor [40] ; min = -0.625024 (10311) ; max = +0.595064 (39369) ; ext = -0.625024 (10311)
cpa/S5/sync.64_4.s5.p00.g18.cor [40] ; min = -0.598828 (13154) ; max = +0.540739 (23752) ; ext = -0.598828 (13154)
cpa/S5/sync.64_4.s5.p00.g19.cor [40] ; min = -0.577085 (44770) ; max = +0.605816 (15611) ; ext = +0.605816 (15611)
cpa/S5/sync.64_4.s5.p00.g20.cor [40] ; min = -0.629434 (34313) ; max = +0.592904 (42864) ; ext = -0.629434 (34313)
cpa/S5/sync.64_4.s5.p00.g21.cor [40] ; min = -0.525586 (4107) ; max = +0.577702 (45177) ; ext = +0.577702 (45177)
cpa/S5/sync.64_4.s5.p00.g22.cor [40] ; min = -0.538563 (9651) ; max = +0.565464 (23924) ; ext = +0.565464 (23924)
cpa/S5/sync.64_4.s5.p00.g23.cor [40] ; min = -0.615763 (23335) ; max = +0.560162 (49269) ; ext = -0.615763 (23335)
cpa/S5/sync.64_4.s5.p00.g24.cor [40] ; min = -0.611678 (15879) ; max = +0.592325 (23357) ; ext = -0.611678 (15879)
cpa/S5/sync.64_4.s5.p00.g25.cor [40] ; min = -0.644651 (41965) ; max = +0.562896 (11273) ; ext = -0.644651 (41965)
cpa/S5/sync.64_4.s5.p00.g26.cor [40] ; min = -0.577419 (5169) ; max = +0.544265 (34786) ; ext = -0.577419 (5169)
cpa/S5/sync.64_4.s5.p00.g27.cor [40] ; min = -0.625132 (15345) ; max = +0.617917 (30789) ; ext = -0.625132 (15345)
cpa/S5/sync.64_4.s5.p00.g28.cor [40] ; min = -0.585924 (24113) ; max = +0.554026 (10372) ; ext = -0.585924 (24113)
cpa/S5/sync.64_4.s5.p00.g29.cor [40] ; min = -0.557117 (19644) ; max = +0.573271 (14117) ; ext = +0.573271 (14117)
cpa/S5/sync.64_4.s5.p00.g30.cor [40] ; min = -0.615113 (39953) ; max = +0.584063 (17585) ; ext = -0.615113 (39953)
cpa/S5/sync.64_4.s5.p00.g31.cor [40] ; min = -0.605507 (12804) ; max = +0.619191 (22030) ; ext = +0.619191 (22030)
cpa/S5/sync.64_4.s5.p00.g32.cor [40] ; min = -0.550902 (15162) ; max = +0.626811 (9110) ; ext = +0.626811 (9110)
cpa/S5/sync.64_4.s5.p00.g33.cor [40] ; min = -0.595062 (45645) ; max = +0.592024 (15427) ; ext = -0.595062 (45645)
cpa/S5/sync.64_4.s5.p00.g34.cor [40] ; min = -0.622160 (9639) ; max = +0.616792 (17282) ; ext = -0.622160 (9639)
cpa/S5/sync.64_4.s5.p00.g35.cor [40] ; min = -0.595874 (3828) ; max = +0.600332 (30536) ; ext = +0.600332 (30536)
cpa/S5/sync.64_4.s5.p00.g36.cor [40] ; min = -0.609128 (40096) ; max = +0.591016 (11767) ; ext = -0.609128 (40096)
cpa/S5/sync.64_4.s5.p00.g37.cor [40] ; min = -0.623160 (1533) ; max = +0.621863 (46848) ; ext = -0.623160 (1533)
cpa/S5/sync.64_4.s5.p00.g38.cor [40] ; min = -0.559764 (39576) ; max = +0.573167 (7786) ; ext = +0.573167 (7786)
cpa/S5/sync.64_4.s5.p00.g39.cor [40] ; min = -0.623023 (37608) ; max = +0.613939 (48375) ; ext = -0.623023 (37608)
cpa/S5/sync.64_4.s5.p00.g40.cor [40] ; min = -0.626099 (19365) ; max = +0.607907 (3401) ; ext = -0.626099 (19365)
cpa/S5/sync.64_4.s5.p00.g41.cor [40] ; min = -0.664397 (42903) ; max = +0.583603 (38611) ; ext = -0.664397 (42903)
cpa/S5/sync.64_4.s5.p00.g42.cor [40] ; min = -0.579908 (45336) ; max = +0.592342 (25521) ; ext = +0.592342 (25521)
cpa/S5/sync.64_4.s5.p00.g43.cor [40] ; min = -0.608324 (30179) ; max = +0.570892 (17541) ; ext = -0.608324 (30179)
cpa/S5/sync.64_4.s5.p00.g44.cor [40] ; min = -0.636384 (8432) ; max = +0.581907 (8480) ; ext = -0.636384 (8432)
cpa/S5/sync.64_4.s5.p00.g45.cor [40] ; min = -0.582551 (3401) ; max = +0.594703 (332) ; ext = +0.594703 (332)
cpa/S5/sync.64_4.s5.p00.g46.cor [40] ; min = -0.591499 (33792) ; max = +0.564757 (332) ; ext = -0.591499 (33792)
cpa/S5/sync.64_4.s5.p00.g47.cor [40] ; min = -0.704562 (48975) ; max = +0.683326 (44303) ; ext = -0.704562 (48975)
cpa/S5/sync.64_4.s5.p00.g48.cor [40] ; min = -0.620468 (19142) ; max = +0.559246 (5903) ; ext = -0.620468 (19142)
cpa/S5/sync.64_4.s5.p00.g49.cor [40] ; min = -0.610986 (8233) ; max = +0.601904 (34735) ; ext = -0.610986 (8233)
cpa/S5/sync.64_4.s5.p00.g50.cor [40] ; min = -0.577439 (3936) ; max = +0.593176 (38562) ; ext = +0.593176 (38562)
cpa/S5/sync.64_4.s5.p00.g51.cor [40] ; min = -0.573158 (2506) ; max = +0.554694 (48302) ; ext = -0.573158 (2506)
cpa/S5/sync.64_4.s5.p00.g52.cor [40] ; min = -0.646190 (46684) ; max = +0.559416 (43613) ; ext = -0.646190 (46684)
cpa/S5/sync.64_4.s5.p00.g53.cor [40] ; min = -0.566668 (21507) ; max = +0.565552 (32741) ; ext = -0.566668 (21507)
cpa/S5/sync.64_4.s5.p00.g54.cor [40] ; min = -0.589564 (13490) ; max = +0.589045 (19941) ; ext = -0.589564 (13490)
cpa/S5/sync.64_4.s5.p00.g55.cor [40] ; min = -0.572274 (46739) ; max = +0.550356 (41516) ; ext = -0.572274 (46739)
cpa/S5/sync.64_4.s5.p00.g56.cor [40] ; min = -0.568557 (6953) ; max = +0.536479 (36372) ; ext = -0.568557 (6953)
cpa/S5/sync.64_4.s5.p00.g57.cor [40] ; min = -0.593260 (508) ; max = +0.575956 (6729) ; ext = -0.593260 (508)
cpa/S5/sync.64_4.s5.p00.g58.cor [40] ; min = -0.644952 (35496) ; max = +0.628803 (27578) ; ext = -0.644952 (35496)
cpa/S5/sync.64_4.s5.p00.g59.cor [40] ; min = -0.511624 (6150) ; max = +0.627753 (11366) ; ext = +0.627753 (11366)
cpa/S5/sync.64_4.s5.p00.g60.cor [40] ; min = -0.531881 (21388) ; max = +0.551019 (12131) ; ext = +0.551019 (12131)
cpa/S5/sync.64_4.s5.p00.g61.cor [40] ; min = -0.640395 (27323) ; max = +0.590088 (37118) ; ext = -0.640395 (27323)
cpa/S5/sync.64_4.s5.p00.g62.cor [40] ; min = -0.549209 (40182) ; max = +0.585186 (26643) ; ext = +0.585186 (26643)
cpa/S5/sync.64_4.s5.p00.g63.cor [40] ; min = -0.790754 (15640) ; max = +0.857260 (9133) ; ext = +0.857260 (9133)
